c:\users\allen\documents\visual studio 2013\projects\lab4\lab4\debug\lab4.pch
c:\users\allen\documents\visual studio 2013\projects\lab4\lab4\debug\vc120.pdb
c:\users\allen\documents\visual studio 2013\projects\lab4\lab4\debug\vc120.idb
c:\users\allen\documents\visual studio 2013\projects\lab4\lab4\debug\stdafx.obj
c:\users\allen\documents\visual studio 2013\projects\lab4\debug\lab4.pdb
c:\users\allen\documents\visual studio 2013\projects\lab4\lab4\debug\lab4.tlog\cl.command.1.tlog
c:\users\allen\documents\visual studio 2013\projects\lab4\lab4\debug\lab4.tlog\cl.read.1.tlog
c:\users\allen\documents\visual studio 2013\projects\lab4\lab4\debug\lab4.tlog\cl.write.1.tlog
c:\users\allen\documents\visual studio 2013\projects\lab4\lab4\debug\lab4.tlog\link-cvtres.read.1.tlog
c:\users\allen\documents\visual studio 2013\projects\lab4\lab4\debug\lab4.tlog\link-cvtres.write.1.tlog
c:\users\allen\documents\visual studio 2013\projects\lab4\lab4\debug\lab4.tlog\link-rc.read.1.tlog
c:\users\allen\documents\visual studio 2013\projects\lab4\lab4\debug\lab4.tlog\link-rc.write.1.tlog
c:\users\allen\documents\visual studio 2013\projects\lab4\lab4\debug\lab4.tlog\link.7672-cvtres.read.1.tlog
c:\users\allen\documents\visual studio 2013\projects\lab4\lab4\debug\lab4.tlog\link.7672-cvtres.write.1.tlog
c:\users\allen\documents\visual studio 2013\projects\lab4\lab4\debug\lab4.tlog\link.7672-rc.read.1.tlog
c:\users\allen\documents\visual studio 2013\projects\lab4\lab4\debug\lab4.tlog\link.7672-rc.write.1.tlog
c:\users\allen\documents\visual studio 2013\projects\lab4\lab4\debug\lab4.tlog\link.7672.read.1.tlog
c:\users\allen\documents\visual studio 2013\projects\lab4\lab4\debug\lab4.tlog\link.7672.write.1.tlog
c:\users\allen\documents\visual studio 2013\projects\lab4\lab4\debug\lab4.tlog\link.command.1.tlog
c:\users\allen\documents\visual studio 2013\projects\lab4\lab4\debug\lab4.tlog\link.read.1.tlog
c:\users\allen\documents\visual studio 2013\projects\lab4\lab4\debug\lab4.tlog\link.write.1.tlog
